[    0.000000] Initializing cgroup subsys cpuset
[    0.000000] Initializing cgroup subsys cpu
[    0.000000] Initializing cgroup subsys cpuacct
[    0.000000] Linux version 4.4.0-130-generic (buildd@lgw01-amd64-039) (gcc version 5.4.0 20160609 (Ubuntu 5.4.0-6ubuntu1~16.04.9) ) #156-Ubuntu SMP Thu Jun 14 08:53:28 UTC 2018 (Ubuntu 4.4.0-130.156-generic 4.4.134)
[    0.000000] Command line: BOOT_IMAGE=/boot/vmlinu-4.4.0-130-generic root=LABEL=cloudimg-rootfs ro console=tty1 console=ttyS0
[    0.000000] KERNEL supported cpus:
[    0.000000]   Intel GenuineIntel
[    .000000]   AMD AuthenticAMD
[    0.000000]   Centaur CentaurHauls
[    0.000000] x86/fpu: xstate_offset[2]:  576, xstate_sizes[2]:  256
[    0.000000] x86/fpu: Supporting XSAVE feature 0x01: 'x87 floating point registers'
[    0.000000] x86/fpu: Supporing XSAVE feature 0x02: 'SSE registers'
[    0.000000] x86/fpu: Supporting XSAVE featur 0x04: 'AVX registers'
[    0.000000] x86/fpu: Enabled xstate features 0x7, contex sizis 832 bytes, using 'standard' format.
[    0.000000] x86/fpu: Using 'eager' FPU context switches.
[    0.000000] e820:BIOprovided physical RAM map:
[    0.000000] BIOS-e820: [mem 0x0000000000000000-0x000000000009fbff] usable
[    0.000000] BIOS-e820: [mem 0x000000000009fc00-0x000000000009ffff] reserved[    0.000000] BIOS-e820: [mem 0x00000000000f0000-0x00000000000fffff] reserved
[    0.000000] BIOS-e820: [mem 0x0000000000100000-0x000000003ffeffff] usable
[    0.000000] BIOS-e820: [mem 0x000000003fff0000-0x000000003fffffff] ACPI data
[    0.000000] BIOS-e820: [mem 0x00000000fec00000-0x00000000fec00fff] reserved
[    0.000000] BIOS-e820: [mem 0x00000000fee00000-0x00000000fee00fff] reserved
[    0.000000] BIOS-e820: [mem 0x00000000fffc0000-0x00000000ffffffff] reserved
[    0.000000] NX (Execute Disable) protection: active
[    0.000000] SMBIOS 2.5 present.
[    0.000000] Hypervisor detected: KVM
[    0.000000] e820: last_pfn = 0x3ff0 max_arch_pfn  0x400000000
[    0.000000] MTRR: Disabled
[    0.000000] x86/PAT: MTRRs disabled, skipping PAT initialization too.
[    0.000000] CPU MTRRs all blank - virtualized system.
[    0.000000] x86/PAT: Configuration [0-7]: WB  WT  UC- UC  WB  WT  UC- UC  
[    0.000000] found SMP MP-table at [mem 0x0009fff0-0x0009ffff] mapped at [ffff88000009fff0]
[    0.000000] Scanning 1 areas for low memory corruption
[    0.000000] RAMDISK: [mem 0x36aa4000-0x37549fff]
[    0.000000] ACPI: Early table checksum verificationisabled
[    0.000000] ACPI: RSDP 0x00000000000E0000 000024 (v02 VBOX  )
[    0.000000] ACPI: XSDT 0x000000003FFF003 00003C (v01 VBOX   VBOXXSDT 00000001 ASL  00000061)
[   0.000000] ACPI: FACP 0x000000003FFF00F00000F4 (v4 VBOX   VBOXFACP 00000001 ASL  00000061)
[    0.000000] ACPI: DSDT 0x000000003FFF0470 0021FF (v02 VBOX   VBOXBIOS 00000002 INTL 20100528)
[    0.000000] ACPI: FACS 0x000000003FFF0200 000040
[    0.000000] ACPI: FACS 0x000000003FFF0200 00040
[    0.000000] ACPI: APIC 0x000000003FFF0240 0000C (v02 VBOX   VBOXAPIC 00000001 ASL  00000061)
[    0.000000] ACPI: SSDT 0x000000003FFF02A0 0001CC (v01 VBOX   VBOXCPUT 00000002 INTL 20100528)
[    0.00000]No NUMA configuration found
[    0.000000] Faking a node at[mem 0x0000000000000000-0x000000003ffeffff]
[    0.000000] NODE_DAATA(0) allocated [mem 0x3ffeb000-0x3ffeffff]
[    0.000000] kvm-clock: Using msrs 4b564d01 and 4b564d00
[    0.000000] kvm-clock: cpu 0, msr 0:3ffe3001, primary cpu clock
[    0000000] kvm-clock: using sched offset of 5185758563 cycls
[   0.00000clocksource: kvm-clock: mask: 0xffffffffffffffff max_cycles: 0x1cd42edffb max_idle_ns: 881590591483 ns
[    .000000] Zone ranges:
[    0.000000]   DMA      [mem 0x00000000001000-0x0000000000ffffff]
[    0.000000]   DMA32    [mem 0x0000000001000000-0x000000003ffeffff]
[    0.000000]   Normal   empty
[    0.000000]   Device   empty
[    0.000000] Movable zone start for each node
[    0.000000] Early memory node ranges
[    0.000000]   node   0: [mem 0x0000000000001000-0x000000000009efff]
[    0.00000]   node   0: [mem 0x0000000000100000-0x000000003ffeffff]
[    0.000000] Initmem setup node 0 [mem 0x0000000000001000-0x000000003ffeffff]
[    0.000000] ACPI: PM-Timer IO Port: 0x4008
[   0.00000] IOAPIC[0]: apic_id 2, version 32, address 0xfec00000, GSI 0-23
[    0.000000] ACPI: INT_SRC_OVR (bus 0 bus_irq 0 global_irq 2 dfl dfl)
[    0.000000] ACPI: INT_SRC_OVR (bus 0 bus_irq 9 global_irq 9 low level)
[    0.000000] Using ACPI (MADT) for SMP configuration informaton
[    0.000000] smpboot: Allowing 2 CPUs, 0 hotplug CPUs
[    0.000000] PM: egistered nosave memory: [mem 0x00000000-0x00000fff]
[    0.000000] PM: Registerd nosave memory: [mem 0x0009f000-0x0009ffff]
[    0.000000] PM: Registered nosave memory: [mem 0x000a0000-0x000effff]
[    0.000000] PM: Registered nosave memory: [mem 0x000f0000-0x000fffff]
[    0.000000] e820: [em 0x40000000-0xfebfffff] available fr PC devices
[    0.000000] Booting paravirualized kernel on KVM
[    0.000000] clocksource: refined-jiffies: mask: 0xffffffff max_cycles: 0xffffffff, max_idle_ns: 7645519600211568 ns
[    0.000000] setup_percpu: NR_CPUS:512 nr_cpumask_bits:512 nr_cpu_ids:2 nr_node_ids:1
[    0.000000] PERCPU: Embedded 34 pages/cpu @ffff88003fc00000 s99544 r8192 d31528 u1048576
[    0.000000] PV qspinlock hash table entries: 256 (order: 0, 4096 bytes)
[    0.000000] Built 1 zonelists in Node order, mobility grouping on.  Total pages: 257912
[    0.000000] Policyzone: DMA32
[    .000000] Kernel commnd line: BOOT_IMAGE=/boot/vmlinuz-4.4.0-130-generic root=LABEL=cloudimg-rootfs ro console=tty1 console=ttyS0
[    0.000000] PID hash table entries: 4096 (order: 3, 32768 bytes)
[    0.000000] Memory: 1001612K/18120K available (8546K kernel code, 1313K data, 4000K rodataa, 151 init, 1316KK bss, 46508reserved, 0K cma-reserved)
[    0.000000] SLUB: HWalign=64, Order=0-3, MinObjects=0, CPUs=2, Nodes=1
[    0.000000] Kernel/User page tables isolation: enabled
[    0.000000] Hierarchical RCU implementation.
[    0.000000] 	Build-time adjustment of leaf fanout to 64.
[    0.000000] 	RCU restricting CPUs from NR_CPUS=512 to nr_cpu_ids=2.
[    0.000000] RCU: Adjusting geometry for rcu_fanout_leaf=64, nr_cpu_ids=2
[    0.000000] NR_IRQS:33024 nr_irqs:440 16
[    0.000000] Console: colour VGA+ 80x25
[    0.000000] console [tty1] enabled
[    0.000000] console [ttyS0] enabled
[    0.000000] tsc: Detected 1599.999 MHz processor
[   2.18237]] Calibrating delay loop (skipped) preset value.. 3199.99 BogoMIPS (lpj=6399996)
[    2.223357] pid_max: default: 32768 minimum: 301
[    2.225046] ACPI: Core revision 20150930
[    2.251161] ACPI: 2 ACPI AML tables successfully acquired and loaded
[    2.254160] Security Framework initialized
[    2.264141] Yama: becoming mindful.
[    2.277781] AppArmor: AppArmor initialized
[    2.279520] Dentry cache hash table entries: 131072 (order: 8, 1048576 bytes)
[    2.289249] Inode-cache hash table entries: 65536 (order: 7, 524288 bytes)
[    2.302634] Mount-cache hash table entries: 2048 (order: 2, 16384 bytes)
[    2.314505] Mountpoint-cache hash table entries: 2048 (order: 2, 16384 bytes)
[    2.317859] Initializing cgroup subsys io
[    2.321661] Initializing cgroup subsys memory
[    2.323596] Initializing cgroup subsys devices
[    2.325822] Initializing cgroup subsys freezer
[    2.330146] Initializing cgroup subsys net_cls
[    2.332158] Initializing cgroup subsys perf_event
[    2.334630] Initializing cgroup subsys net_prio
[    2.346289] Initializing cgroup subsys hugetlb
[    2.348439] Initializing cgroup subsys pids
[    2.350147] CPU: Physical Processor ID: 0
[    2.352259] CPU: Processor Core ID: 0
[    2.354963] mce: CPU supports 0 MCE banks
[    2.356586] Last level iTLB entries: 4KB 64, 2MB 8, 4MB 8
[    2.362955] Last level dTLB entries: 4KB 64, 2MB 0, 4MB 0, 1GB 4
[    2.365290] Spectre V2 : Mitigation: Full generic retpoline
[    2.373696] Spectre V2 : Speculation control IBPB not-supported IBRS not-supported
[    2.379942] Speculative Store Bypass: Vulnerable
[    2.386237] Freeing SMP alternatives memory: 32K
[    2.403589] ftrace: allocating 32245 entries in 126 pages
[    2.471854] smpboot: APIC(0) Converting physical 0 to logical package 0
[    2.481778] smpboot: Max logical packages: 1
[    2.494460] x2apic enabled
[    2.496222] Switched APIC routing to physical x2apic.
[    2.505899] ..TIMER: vector=0x30 apic1=0 pin1=2 apic2=-1 pin2=-1
[    2.617440] smpboot: CPU0: Intel(R) Core(TM) i5-5250U CPU @ 1.60GHz (family: 0x6, model: 0x3d, steping: 0x4)
[    2.647377] Performance Events: unsupported p6 CPU model 61 no PMU driver, software events only.
[    2.687352] KVM setup paravirtual spinlock
[    2.692635] x86: Booting SMP configuration:
[    2.703383] .... node  #0, CPUs:      #1
[    2.708083] kvm-clock: cpu 1, msr 0:3ffe3041, secondary cpu clock
[    2.715564] mce: CPU supports 0 MCE banks
[    2.727309] x86: Booted up 1 node, 2 CPUs
[    2.740936] smpboot: Total of 2 processors activated (6399.99 BogoMIPS)
[    2.748945] devtmpfs: initialized
[    2.752386] evm: security.selinux
[    2.756372] evm: security.SMACK64
[    2.766772] evm: security.SMACK64EXEC
[    2.776889] evm: security.SMACK64TRANSMUTE
[    2.783151] evm: security.SMACK64MMAP
[    2.787098] evm: security.ima
[    2.794318] evm: security.capability
[    2.796281] clocksource: jiffies: mask: 0xffffffff max_cycles: 0xffffffff, max_idle_ns: 7645041785100000 ns
[    2.804852] futex hash table entries: 512 (order: 3, 32768 bytes)
[    2.817427] pinctrl core: initialized pinctrl subsystem
[    2.822773] RTC time:  9:40:06, date: 08/03/18
[    2.829124] NET: Registered protocol family 16
[    2.842487] cpuidle: using governor ladder
[    2.862883] cpuidle: using governor menu
[    2.867899] PCCT header not found.
[    2.871609] ACPI: bus type PCI registered
[    2.877672] acpiphp: ACPI Hot Plug PCI Controller Driver version: 0.5
[    2.886864] PCI: Using configuration type 1 for base access
[    2.907939] ACPI: Added _OSI(Module Device)
[    2.914525] ACPI: Added _OSI(Processor Device)
[    2.917419] ACPI: Added _OSI(3.0 _SCP Extensions)
[    2.924409] ACPI: Added _OSI(Processor Aggregator Device)
[    2.928265] ACPI: Executed 1 blocks of module-level executable AML code
[    2.939117] ACPI: Interpreter enabled
[    2.942291] ACPI: (supports S0 S5)
[    2.946595] ACPI: Using IOAPIC for interrupt routing
[    2.948874] PCI: Using host bridge windows from ACPI; if necessary, use "pci=nocrs" and report a bug
[    2.963545] ACPI: PCI Root Bridge [PCI0] (domain 0000 [bus 00-ff])
[    2.968109] acpi PNP0A03:00: _OSC: OS supports [ASPM ClockPM Segments MSI]
[    2.973254] acpi PNP0A03:00: _OSC: not requesting OS control; OS requires [ExtendedConfig ASPM ClockPM MSI]
[    2.981330] acpi PNP0A03:00: fail to add MMCONFIG information, can't access extended PCI configuration space under this bridge.
[    2.995220] PCI host bridge to bus 0000:00
[    2.996884] pci_bus 0000:00: root bus resource [io  0x0000-0x0cf7 window]
[    3.000676] pci_bus 0000:00: root bus resource [io  0x0d00-0xffff window]
[    3.003311] pci_bus 0000:00: root bus resource [mem 0x000a0000-0x000bffff window]
[    3.006444] pci_bus 0000:00: root bus resource [mem 0x40000000-0xfdffffff window]
[    3.009621] pci_bus 0000:00: root bus resource [bus 00-ff]
[    3.016949] pci 0000:00:01.1: legacy IDE quirk: reg 0x10: [io  0x01f0-0x01f7]
[    3.021185] pci 0000:00:01.1: legacy IDE quirk: reg 0x14: [io  0x03f6]
[    3.024122] pci 0000:00:01.1: legacy IDE quirk: reg 0x18: [io  0x0170-0x0177]
[    3.038748] pci 0000:00:01.1: legacy IDE quirk: reg 0x1c: [io  0x0376]
[    3.074453] pci 0000:00:07.0: quirk: [io  0x4000-0x403f] claimed by PIIX4 ACPI
[    3.081771] pci 0000:00:07.0: quirk: [io  0x4100-0x410f] claimed by PIIX4 SMB
[    3.102830] ACPI: PCI Interrupt Link [LNKA] (IRQs 5 9 10 *11)
[    3.108147] ACPI: PCI Interrupt Link [LNKB] (IRQs 5 9 *10 11)
[    3.115006] ACPI: PCI Interrupt Link [LNKC] (IRQs 5 *9 10 11)
[    3.118087] ACPI: PCI Interrupt Link [LNKD] (IRQs 5 9 10 *11)
[    3.120790] ACPI: Enabled 2 GPEs in block 00 to 07
[    3.123278] vgaarb: setting as boot device: PCI:0000:00:02.0
[    3.125523] vgaarb: device added: PCI:0000:00:02.0,decodes=io+mem,owns=io+mem,locks=none
[    3.128190] vgaarb: loaded
[    3.129211] vgaarb: bridge control possible 0000:00:02.0
[    3.131558] SCSI subsystem initialized
[    3.133181] ACPI: bus type USB registered
[    3.134593] usbcore: registered new interface driver usbfs
[    3.136411] usbcore: registered new interface driver hub
[    3.138128] usbcore: registered new device driver usb
[    3.142421] PCI: Using ACPI for IRQ routing
[    3.152993] NetLabel: Initializing
[    3.156304] NetLabel:  domain hash size = 128
[    3.158004] NetLabel:  protocols = UNLABELED CIPSOv4
[    3.162704] NetLabel:  unlabeled traffic allowed by default
[    3.165397] amd_nb: Cannot enumerate AMD northbridges
[    3.171424] clocksource: Switched to clocksource kvm-clock
[    3.189603] AppArmor: AppArmor Filesystem Ebled
[    3.244568] pnp: PnP ACPI init
[    3.248133] pnp: PnP ACPI: fund  devices

[    3.362151] clockource: acpi_m: mask: 0xffffff max_cycles: 0xfffff, max_idle_ns: 208570124 ns
[   .469187] NET: Registered protocol family 2

[    3.523399] TCP established hash tableentries: 8192 (order: 4, 65536 bytes)
[    3.551776] TCP bin hash table entries 8192 (order: , 13172 bytes)
[   3.655865] TCP: Hash tbles configured (established 8192 bind 8192)
[    3.709155] UDP hsh table entries: 52 (order: 2, 16384 bytes)
[    3.762722] UDP-Lite hash table entrie: 512 (order: 2, 16384 bytes)
[    3.791148] NET: Registered protocol family 1
[    3.793297] pci 0000:00:00.0: Limiting direct PCI/PCI transfers
[    3.796075] pci 0000:00:01.0: Activating ISA DMA hang workarounds
[    3.807567] Unpacking initramfs...
[    6.078220] Freeing initrd memory: 10904K
[    6.082666] RAPL PMU detected, API unit is 2^-32 Joules, 4 fixed counters 10737418240 ms ovfl timer
[    6.088544] hw unit of domain pp0-core 2^-0 Joules
[    6.090383] hw unit of domain package 2^-0 Joules
[    6.092541] hw unit of domain dram 2^-0 Joules
[    6.095604] hw unit of domain pp1-gpu 2^-0 Joules
[    6.128986] platform rtc_cmos: registered platform RTC device (no PNP device found)
[    6.139539] Scanning for lowmemory corrupton every 6 seconds

[    6.229928] audit: initializing netlink subsys (disabled)
[    6.236889] audit: type=2000 audit(1533289213.941:1): initialized
[    6.239675] Initialise system trusted keyring
[    6.243740] HugeTLB registered 2 MB page size, pre-allocated 0 pages
[    6.248734] zbud: loaded
[    6.250549] VFS: Disk quotas dquot_6.6.0
[    6.253481] VFS: Dquot-cache hash table entries: 512 (order 0, 4096 bytes)
[    6.268552] squashfs: version 4.0 (2009/01/31) Phillip Lougher
[    6.274353] fuse init (API version 7.23)
[    6.285228] Key type big_key registered
[    6.287143] Allocating IMA MOK and blacklist keyrings.
[    6.303497] Key type asymmetric registered
[    6.305142] Asymmetric key parser 'x509' registered
[    6.307644] Block layer SCSI generic (bsg) driver version 0.4 loaded (major 249)
[    6.310737] io scheduler noop registered
[    6.315188] io scheduler deadline registered (default)
[    6.328788] io scheduler cfq registered
[    6.330977] pci_hotplug: PCI Hot Plug PCI Core version: 0.5
[    6.333336] pciehp: PCI Express Hot Plug Controller Driver version: 0.4
[    6.338256] ACPI: AC Adapter [AC] (off-line)
[    6.340626] input: Power Button as /devices/LNXSYSTM:00/LNXPWRBN:00/input/input0
[    6.346455] ACPI: Power Button [PWRF]
[    6.351217] input: Sleep Button as /devices/LNXSYSTM:00/LNXSLPBN:00/input/input1
[    6.356694] ACPI: Sleep Button [SLPF]
[    6.361823] ACPI: Battery Slot [BAT0] (battery present)
[    6.363830] GHES: HEST is not enabled!
[    6.377716] Serial: 8250/16550 driver, 32 ports, IRQ sharing enabled
ÿ[    6.404506] 00:02: ttyS0 at I/O 0x3f8 (irq = 4, base_baud = 115200) is a 16550A
[    6.412625] Linux agpgart interface v0.103
[    6.420426] loop: module loaded
[    6.422916] scsi host0: ata_piix
[    6.431283] scsi host1: ata_piix
[    6.441628] ata1: PATA max UDMA/33 cmd 0x1f0 ctl 0x3f6 bmdma 0xd000 irq 14
[    6.447897] ata2: PATA max UDMA/33 cmd 0x170 ctl 0x376 bmdma 0xd008 irq 15
[    6.459337] libphy: Fixed MDIO Bus: probed
[    6.478067] tun: Universal TUN/TAP device driver, 1.6
[    6.489031] tun: (C) 1999-2004 Max Krasnyansky <maxk@qualcomm.com>
[    6.491543] PPP generic driver version 2.4.2
[    6.495355] ehci_hcd: USB 2.0 'Enhanced' Host Controller (EHCI) Driver
[    6.503153] ehci-pci: EHCI PCI platform driver
[    6.505169] ehci-platform: EHCI generic platform driver
[    6.507281] ohci_hcd: USB 1.1 'Open' Host Controller (OHCI) Driver
[    6.509898] ohci-pci: OHCI PCI platform driver
[    6.511400] ohci-platform: OHCI generic platform driver
[    6.513113] uhci_hcd: USB Universal Host Controller Interface driver
[    6.517536] i8042: PNP: PS/2 Controller [PNP0303:PS2K,PNP0f03:PS2M] at 0x60,0x64 irq 1,12
[    6.521790] serio: i8042 KBD port at 0x60,0x64 irq 1
[    6.526171] serio: i8042 AUX port at 0x60,0x64 irq 12
[    6.528472] mousedev: PS/2 mouse device common for all mice
[    6.538832] rtc_cmos rtc_cmos: rtc core: registered rtc_cmos as rtc0
[    6.552119] input: AT Translated Set 2 keyboard as /devices/platform/i8042/serio0/input/input2
[    6.558007] rtc_cmos rtc_cmos: alarms up to one day, 114 bytes nvram
[    6.566574] i2c /dev entries driver
[    6.56833 device-mapper: uevent: version 1.0.3

[    6.621969] device-mapper: ioctl: 4.34.0-ioctl (2015-10-28) initialised: dm-devel@redhat.com
[    6.628598] ledtrig-cpu: registered to indicate activity on CPUs
[    6.644893] NET: Registered protocol family 10
[    6.650492] NET: Registered protocol family 17
[    6.653695] Key type dns_resolver registered
[    6.663667] registered taskstats version 1
[    6.669240] Loading compiled-in X.509 certificates
[    6.671801] Loaded X.509 cert 'Build time autogenerated kernel key: b3e0fe4bcd6378c38a2c0a4648abbc1fa5043a22'
[    6.683104] zswap: loaded using pool lzo/zbud
[    6.687177] Key type trusted registered
[    6.693440] Key type encrypted registered
[    6.695106] AppArmor: AppArmor sha1 policy hashing enabled
[    6.698033] ima: No TPM chip found, activating TPM-bypass!
[    6.700120] ima: Allocated hash algorithm: sha1
[    6.701853] evm: HMAC attrs: 0x1
[    6.705937]   Magic number: 14:322:676
[    6.708088] rtc_cmos rtc_cmos: setting system clock to 2018-08-03 09:40:09 UTC (1533289209)
[    6.714436] BIOS EDD facility v0.16 2004-Jun-25, 0 devices found
[    6.717180] EDD information not available.
[    6.720985] Freeing unused kernel memory: 1516K
[    6.747816] Write protecting the kernel read-only data: 14336k
[    6.755681] Freeing unused kernel memory: 1680K
[    6.766708] Freeing unused kernel memory: 96K
Loading, please wait...
starting version 229
[    6.807467] random: systemd-udevd: uninitialized urandom read (16 bytes read, 5 bits of entropy available)
[    6.809178] random: udevadm: uninitialized urandom read (16 bytes read, 5 bits of entropy available)
[    6.809226] random: udevadm: uninitialized urandom read (16 bytes read, 5 bits of entropy available)
[    6.831919] random: udevadm: uninitialized urandom read (16 bytes read, 5 bits of entropy available)
[    6.831989] random: udevadm: uninitialized urandom read (16 bytes read, 5 bits of entropy available)
[    6.832212] random: udevadm: uninitialized urandom read (16 bytes read, 5 bits of entropy available)
[    6.832299] random: udevadm: uninitialized urandom read (16 bytes read, 5 bits of entropy available)
[    6.832385] random: udevadm: uninitialized urandom read (16 bytes read, 5 bits of entropy available)
[    6.832467] random: udevadm: uninitialized urandom read (16 bytes read, 5 bits of entropy available)
[    6.832553] random: udevadm: uninitialized urandom read (16 bytes read, 5 bits of entropy available)
[    7.017416] e1000: Intel(R) PRO/1000 Network Driver - version 7.3.21-k8-NAPI
[    7.051122] e1000: Copyright (c) 1999-2006 Intel Corporation.
[    7.067476] Fusion MPT base driver 3.04.20
[    7.069595] Copyright (c) 1999-2008 LSI Corporation
[    7.133222] tsc: Refined TSC clocksource calibration: 1599.755 MHz
[    7.146971] clocksource: tsc: mask: 0xffffffffffffffff max_cycles: 0x170f3d797ff, max_idle_ns: 440795224250 ns
[    7.168177] AVX2 version of gcm_enc/dec engaged.
[    7.173612] AES CTR mode by8 optimization enabled
[    7.182748] Fusion MPT SPI Host driver 3.04.20
[    7.333736] input: ImExPS/2 Generic Explorer Mouse as /devices/platform/i8042/serio1/input/input4
[    7.584026] e1000 0000:00:03.0 eth0: (PCI:33MHz:32-bit) 02:c5:fa:e6:4f:6d
[    7.592929] e1000 0000:00:03.0 eth0: Intel(R) PRO/1000 Network Connection
[    8.144451] e1000 0000:00:08.0 eth1: (PCI:33MHz:32-bit) 08:00:27:51:a5:67
[    8.149344] e1000 0000:00:08.0 eth1: Intel(R) PRO/1000 Network Connection
[    8.168057] e1000 0000:00:03.0 enp0s3: renamed from eth0
[    8.171130] mptbase: ioc0: Initiating bringup
[    8.184392] e1000 0000:00:08.0 enp0s8: renamed from eth1
[    8.248248] ioc0: LSI53C1030 A0: Capabilities={Initiator}
[    8.428829] scsi host2: ioc0: LSI53C1030 A0, FwRev=00000000h, Ports=1, MaxQ=256, IRQ=20
[    8.550791] scsi 2:0:0:0: Direct-Access     VBOX     HARDDISK         1.0  PQ: 0 ANSI: 5
[    8.582351] scsi target2:0:0: Beginning Domain Validation
[    8.599918] scsi target2:0:0: Domain Validation skipping write tests
[    8.605419] scsi target2:0:0: Ending Domain Validation
[    8.617774] scsi target2:0:0: asynchronous
[    8.655476] scsi 2:0:1:0: Direct-Access     VBOX     HARDDISK         1.0  PQ: 0 ANSI: 5
[    8.667526] scsi target2:0:1: Beginning Domain Validation
[    8.673558] scsi target2:0:1: Domain Validation skipping write tests
[    8.684215] scsi target2:0:1: Ending Domain Validation
[    8.688678] scsi target2:0:1: asynchronous
[    8.711736] sd 2:0:0:0: Attached scsi generic sg0 type 0
[    8.717957] sd 2:0:0:0: [sda] 20971520 512-byte logical blocks: (10.7 GB/10.0 GiB)
[    8.734649] sd 2:0:1:0: Attached scsi generic sg1 type 0
[    8.735241] sd 2:0:1:0: [sdb] 20480 512-byte logical blocks: (10.5 MB/10.0 MiB)
[    8.735685] sd 2:0:1:0: [sdb] Write Protect is off
[    8.735890] sd 2:0:1:0: [sdb] Incomplete mode parameter data
[    8.735891] sd 2:0:1:0: [sdb] Assuming drive cache: write through
[    8.740650] sd 2:0:0:0: [sda] Write Protect is off
[    8.740841] sd 2:0:0:0: [sda] Incomplete mode parameter data
[    8.740843] sd 2:0:0:0: [sda] Assuming drive cache: write through
[    8.746485]  sda: sda1
[    8.747716] sd 2:0:1:0: [sdb] Attached SCSI disk
[    8.748268] sd 2:0:0:0: [sda] Attached SCSI disk
Begin: Loading essential drivers ... [   10.423796] md: linear personality registered for level -1
[   10.429917] md: multipath personality registered for level -4
[   10.448015] md: raid0 personality registered for level 0
[   10.463795] md: raid1 personality registered for level 1
[   10.535564] raid6: sse2x1   gen()  6208 MB/s
[   10.603715] raid6: sse2x1   xor()  5592 MB/s
[   10.676041] raid6: sse2x2   gen()  9294 MB/s
[   10.756879] raid6: sse2x2   xor()  5416 MB/s
[   10.823726] raid6: sse2x4   gen()  3717 MB/s
[   10.895665] raid6: sse2x4   xor()  1062 MB/s
[   10.971640] raid6: avx2x1   gen()  8529 MB/s
[   11.043734] raid6: avx2x2   gen()  6776 MB/s
[   11.115521] raid6: avx2x4   gen() 18639 MB/s
[   11.117601] raid6: using algorithm avx2x4 gen() 18639 MB/s
[   11.124245] raid6: using avx2x2 recovery algorithm
[   11.133871] xor: automatically using best checksumming function:
[   11.183548]    avx       : 20094.000 MB/sec
[   11.186618] async_tx: api initialized (async)
[   11.198935] md: raid6 personality registered for level 6
[   11.220304] md: raid5 personality registered for level 5
[   11.222502] md: raid4 personality registered for level 4
[   11.232853] md: raid10 personality registered for level 10
done.
Begin: Running /scripts/init-premount ... done.
Begin: Mounting root file system ... Begin: Running /scripts/local-top ... done.
Begin: Running /scripts/local-premount ... [   11.299878] Btrfs loaded
Scanning for Btrfs filesystems
done.
Warning: fsck not present, so skipping root file system
[   11.373038] EXT4-fs (sda1): mounted filesystem with ordered data mode. Opts: (null)
done.
Begin: Running /scripts/local-bottom ... done.
Begin: Running /scripts/init-bottom ... done.
[   11.658005] systemd[1]: systemd 229 running in system mode. (+PAM +AUDIT +SELINUX +IMA +APPARMOR +SMACK +SYSVINIT +UTMP +LIBCRYPTSETUP +GCRYPT +GNUTLS +ACL +XZ -LZ4 +SECCOMP +BLKID +ELFUTILS +KMOD -IDN)
[   11.692705] systemd[1]: Detected virtualization oracle.
[   11.705605] systemd[1]: Detected architecture x86-64.

Welcome to [1mUbuntu 16.04.4 LTS[0m!

[   11.718885] systemd[1]: Set hostname to <ubuntu>.
[   11.729906] systemd[1]: Initializing machine ID from random generator.
[   11.732891] systemd[1]: Installed transient /etc/machine-id file.
[   12.149888] systemd[1]: Reached target User and Group Name Lookups.
[[0;32m  OK  [0m] Reached target User and Group Name Lookups.
[   12.168327] systemd[1]: Set up automount Arbitrary Executable File Formats File System Automount Point.
[[0;32m  OK  [0m] Set up automount Arbitrary Executab...ats File System Automount Point.
[   12.175750] systemd[1]: Listening on /dev/initctl Compatibility Named Pipe.
[[0;32m  OK  [0m] Listening on /dev/initctl Compatibility Named Pipe.
[   12.217326] systemd[1]: Reached target Swap.
[[0;32m  OK  [0m] Reached target Swap.
[   12.233053] systemd[1]: Listening on Syslog Socket.
[[0;32m  OK  [0m] Listening on Syslog Socket.
[   12.237960] systemd[1]: Created slice User and Session Slice.
[[0;32m  OK  [0m] Created slice User and Session Slice.
[   12.251841] systemd[1]: Listening on Device-mapper event daemon FIFOs.
[[0;32m  OK  [0m] Listening on Device-mapper event daemon FIFOs.
[   12.273098] systemd[1]: Listening on Journal Socket (/dev/log).
[[0;32m  OK  [0m] Listening on Journal Socket (/dev/log).
[   12.306104] systemd[1]: Listening on Journal Socket.
[[0;32m  OK  [0m] Listening on Journal Socket.
[   12.318359] systemd[1]: Listening on udev Kernel Socket.
[[0;32m  OK  [0m] Listening on udev Kernel Socket.
[   12.324690] systemd[1]: Listening on Journal Audit Socket.
[[0;32m  OK  [0m] Listening on Journal Audit Socket.
[   12.364800] systemd[1]: Listening on LVM2 metadata daemon socket.
[[0;32m  OK  [0m] Listening on LVM2 metadata daemon socket.
[   12.381860] systemd[1]: Started Forward Password Requests to Wall Directory Watch.
[[0;32m  OK  [0m] Started Forward Password Requests to Wall Directory Watch.
[   12.395679] systemd[1]: Reached target Encrypted Volumes.
[[0;32m  OK  [0m] Reached target Encrypted Volumes.
[   12.414936] systemd[1]: Reached target System Time Synchronized.
[[0;32m  OK  [0m] Reached target System Time Synchronized.
[   12.428205] systemd[1]: Started Trigger resolvconf update for networkd DNS.
[[0;32m  OK  [0m] Started Trigger resolvconf update for networkd DNS.
[   12.492448] systemd[1]: Created slice System Slice.
[[0;32m  OK  [0m] Created slice System Slice.
[   12.540486] systemd[1]: Starting Uncomplicated firewall...
         Starting Uncomplicated firewall...
[   12.581620] systemd[1]: Starting Journal Service...
         Starting Journal Service...
[   12.625213] systemd[1]: Mounting Huge Pages File System...
         Mounting Huge Pages File System...
[   12.658688] systemd[1]: Starting Create list of required static device nodes for the current kernel...
         Starting Create list of required st... nodes for the current kernel...
[   12.692141] systemd[1]: Reached target Slices.
[[0;32m  OK  [0m] Reached target Slices.
[   12.724272] systemd[1]: Starting Monitoring of LVM2 mirrors, snapshots etc. using dmeventd or progress polling...
         Starting Monitoring of LVM2 mirrors... dmeventd or progress polling...
[   12.777893] systemd[1]: Starting Remount Root and Kernel File Systems...
[   12.780502] random: nonblocking pool is initialized
[   12.786579] EXT4-fs (sda1): re-mounted. Opts: (null)
         Starting Remount Root and Kernel File Systems...
[   12.817712] systemd[1]: Mounting Debug File System...
         Mounting Debug File System...
[   12.834946] systemd[1]: Mounting POSIX Message Queue File System...
         Mounting POSIX Message Queue File System...
[   12.866109] systemd[1]: Starting Nameserver information manager...
         Starting Nameserver information manager...
[   12.901056] systemd[1]: Created slice system-serial\x2dgetty.slice.
[[0;32m  OK  [0m] Created slice system-serial\x2dgetty.slice.
[   12.923962] systemd[1]: Starting Set console keymap...
         Starting Set console keymap...
[   12.996247] systemd[1]: Starting Load Kernel Modules...
[   13.037174] Loading iSCSI transprt class v2.0-870.

         Starting Load Kernel Modules...
[   13.087866] iscsi: registered transport (tcp)
[   13.095049] systemd[1]: Listening on udev Control Socket.
[[0;32m  OK  [0m] Listening on udev Control Socket.
[   13.132409] systemd[1]: Listening on LVM2 poll daemon socket.
[[0;32m  OK  [0m] Listening on LVM2 poll daemon socket.
[   13.161098] systemd[1]: Mounted POSIX Message Queue File System.
[   13.18125 ] iscsi: registered transport (ser)

[[0;32m  OK  [0m] Mounted POSIX Message Queue File System.
[   13.214077] systemd[1]: Mounted Huge Pages File System.
[[0;32m  OK  [0m] Mounted Huge Pages File System.
[   13.233591] systemd[1]: Mounted Debug File System.
[[0;32m  OK  [0m] Mounted Debug File System.
[   13.239036] systemd[1]: Started Journal Service.
[[0;32m  OK  [0m] Started Journal Service.
[[0;32m  OK  [0m] Started Uncomplicated firewall.
[[0;32m  OK  [0m] Started Create list of required sta...ce nodes for the current kernel.
[[0;32m  OK  [0m] Started Remount Root and Kernel File Systems.
[[0;32m  OK  [0m] Started Set console keymap.
[[0;32m  OK  [0m] Started Load Kernel Modules.
[[0;32m  OK  [0m] Started Nameserver information manager.
[[0;32m  OK  [0m] Started LVM2 metadata daemon.
         Mounting FUSE Control File System...
         Starting Apply Kernel Variables...
         Starting udev Coldplug all Devices...
         Starting Load/Save Random Seed...
         Starting Create Static Device Nodes in /dev...
         Starting Flush Journal to Persistent Storage...
[[0;32m  OK  [0m] Mounted FUSE Control File System.
[[0;32m  OK  [0m] Started Monitoring of LVM2 mirrors,...ng dmeventd or progress polling.
[[0;32m  OK  [0m] Started Apply Kernel Variables.
[[0;32m  OK  [0m] Started Load/Save Random Seed.
[[0;32m  OK  [0m] Started Create Static Device Nodes in /dev.
[[0;32m  OK  [0m] Started udev Coldplug all Devices.
[[0;32m  OK  [0m] Started Flush Journal to Persistent Storage.
         Starting udev Kernel Device Manager...
[[0;32m  OK  [0m] Started udev Kernel Device Manager.
[[0;32m  OK  [0m] Reached target Local File Systems (Pre).
[[0;32m  OK  [0m] Reached target Local File Systems.
         Starting LSB: AppArmor initialization...
         Starting Commit a transient machine-id on disk...
         Starting Create Volatile Files and Directories...
         Starting Initial cloud-init job (pre-networking)...
         Starting Set console font and keymap...
         Starting Tell Plymouth To Write Out Runtime Data...
[[0;32m  OK  [0m] Started Dispatch Password Requests to Console Directory Watch.
[[0;32m  OK  [0m] Started Commit a transient machine-id on disk.
[[0;32m  OK  [0m] Started Create Volatile Files and Directories.
[[0;32m  OK  [0m] Started Tell Plymouth To Write Out Runtime Data.
[[0;32m  OK  [0m] Found device /dev/ttyS0.
         Starting Update UTMP about System Boot/Shutdown...
[[0;32m  OK  [0m] Started Update UTMP about System Boot/Shutdown.
[[0;32m  OK  [0m] Started Set console font and keymap.
[[0;32m  OK  [0m] Listening on Load/Save RF Kill Switch Status /dev/rfkill Watch.
[[0;32m  OK  [0m] Created slice system-getty.slice.
[[0;32m  OK  [0m] Started LSB: AppArmor initialization.
[   14.226425] cloud-init[486]: Cloud-init v. 18.2 running 'init-local' at Fri, 03 Aug 2018 09:40:19 +0000. Up 13.56 seconds.
[[0;32m  OK  [0m] Started Initial cloud-init job (pre-networking).
[[0;32m  OK  [0m] Reached target Network (Pre).
         Starting Raise network interfaces...
[[0;32m  OK  [0m] Started Raise network interfaces.
[[0;32m  OK  [0m] Reached target Network.
         Starting Initial cloud-init job (metadata service crawler)...
[   16.810152] cloud-init[974]: Cloud-init v. 18.2 running 'init' at Fri, 03 Aug 2018 09:40:21 +0000. Up 15.77 seconds.
[   16.815524] cloud-init[974]: ci-info: ++++++++++++++++++++++++++++++++++++++Net device info++++++++++++++++++++++++++++++++++++++
[   16.825355] cloud-init[974]: ci-info: +--------+-------+----------------------------+---------------+-------+-------------------+
[   16.833527] cloud-init[974]: ci-info: | Device |   Up  |          Address           |      Mask     | Scope |     Hw-Address    |
[   16.858034] cloud-init[974]: ci-info: +--------+-------+----------------------------+---------------+-------+-------------------+
[   16.875445] cloud-init[974]: ci-info: | enp0s3 |  True |         10.0.2.15          | 255.255.255.0 |   .   | 02:c5:fa:e6:4f:6d |
[   16.892825] cloud-init[974]: ci-info: | enp0s3 |  True | fe80::c5:faff:fee6:4f6d/64 |       .       |  link | 02:c5:fa:e6:4f:6d |
[[   16.899988] cloud-init[974]: ci-info: | enp0s8 | False |             .              |       .       |   .   | 08:00:27:51:a5:67 |
[   16.900927] [0;32m  OK  [0mcloud-init] [974]: Started Initial cloud-init job (metadata service crawler).ci-info: |   lo   |  True |         127.0.0.1          |   255.0.0.0   |   .   |         .         |

[   16.903194] cloud-init[974]: ci-info: |   lo   |  True |          ::1/128           |       .       |  host |         .         |
[   16.978031] cloud-init[974]: ci-info: +--------+-------+----------------------------+---------------+-------+-------------------+
[   16.978727] cloud-init[974]: ci-info: +++++++++++++++++++++++++++Route IPv4 info++++++++++++++++++++++++++++
[[0;32m  OK  [0m] Reached target Network is Online.
[   16.982131] cloud-init[974]: ci-info: +-------+-------------+----------+---------------+-----------+-------+
[   17.028961] cloud-init[974]: ci-info: | Route | Destination | Gateway  |    Genmask    | Interface | Flags |
[   17.029763] cloud-init[974]: ci-info: +-------+-------------+----------+---------------+-----------+-------+
[   17.035048] cloud-init[974]: ci-info: |   0   |   0.0.0.0   | 10.0.2.2 |    0.0.0.0    |   enp0s3  |   UG  |
         Starting iSCSI initiator daemon (iscsid)...
[[   17.038272] cloud-init[974]: ci-info: |   1   |   10.0.2.0  | 0.0.0.0  | 255.255.255.0 |   enp0s3  |   U   |
[   17.074134] cloud-init[974]: ci-info: +-------+-------------+----------+---------------+-----------+-------+
[0;32m  OK  [0m] Reached target Cloud-config availability.
[   17.076599] cloud-init[974]: Generating public/private rsa key pair.
[   17.197163] cloud-init[974]: Your identification has been saved in /etc/ssh/ssh_host_rsa_key.
[   17.198049] cloud-init[974]: Your public key has been saved in /etc/ssh/ssh_host_rsa_key.pub.
[[0;32m  OK  [0m] Reached target System Initialization.
[   17.199744] cloud-init[974]: The key fingerprint is:
[   17.297343] cloud-init[974]: SHA256:TuMHoXSHlMWZO71MUar+yXX7MpFkxwVO286QKwULNdI root@ubuntu-xenial
[   17.298038] cloud-init[974]: The key's randomart image is:
[   17.302629] cloud-init[974]: +---[RSA 2048]----+
         Starting Socket activation for snappy daemon.
[   17.303694] cloud-init[974]: |        .++=+.+. |
[   17.348555] cloud-init[974]: |       ...+oEB +.|
[   17.349461] cloud-init[974]: |      . + .oo.*.o|
[   17.352871] cloud-init[974]: |     . o oo.o.o=o|
[[0;32m  OK  [0m] Started ACPI Events Check.
[[   17.353707] cloud-init[974]: |      . S .+.+.oo|
[   17.403183] cloud-init[974]: |       + +  o.o  |
[0;32m  OK  [0m] Reached target Paths.
[[   17.404296] cloud-init[974]: |        o o   ...|
[   17.442665] cloud-init[974]: |         . o oo..|
[   17.446247] cloud-init[974]: |            +  +o|
[   17.446320] cloud-init[974]: +----[SHA256]-----+
[   17.446374] cloud-init[974]: Generating public/private dsa key pair.
[   17.446425] cloud-init[974]: Your identification has been saved in /etc/ssh/ssh_host_dsa_key.
[   17.446488] cloud-init[974]: Your public key has been saved in /etc/ssh/ssh_host_dsa_key.pub.
[   17.446540] cloud-init[974]: The key fingerprint is:
[   17.446589] cloud-init[974]: SHA256:p6prQpthaZDF2RT08Z4AMZvDCTsv9BXH/s/eMW82Ezs root@ubuntu-xenial
[   17.446639] cloud-init[974]: The key's randomart image is:
[   17.446687] cloud-init[974]: +---[DSA 1024]----+
[   17.446739] cloud-init[974]: | ..=Boo..        |
[   17.446788] cloud-init[974]: |  ++.B =.        |
[   17.446838] cloud-init[974]: | o+ * +..        |
[   17.446889] cloud-init[974]: |o. + o o..       |
[   17.446938] cloud-init[974]: | ...o   S..      |
[   17.446985] cloud-init[974]: |  *.     o.    . |
[   17.447035] cloud-init[974]: | + +    .  o  o o|
[   17.447082] cloud-init[974]: |  + .  .    o. Eo|
[   17.447131] cloud-init[974]: |   ooo.    .. .o=|
[   17.447180] cloud-init[974]: +----[SHA256]-----+
[   17.447227] cloud-init[974]: Generating public/private ecdsa key pair.
[   17.447277] cloud-init[974]: Your identification has been saved in /etc/ssh/ssh_host_ecdsa_key.
[   17.447326] cloud-init[974]: Your public key has been saved in /etc/ssh/ssh_host_ecdsa_key.pub.
[   17.447375] cloud-init[974]: The key fingerprint is:
[   17.447426] cloud-init[974]: SHA256:DtgpYbv5ch4q61ri6k5Pj17b6OHTU9Y3w4+vBSa0kp4 root@ubuntu-xenial
[   17.447476] cloud-init[974]: The key's randomart image is:
[   17.447646] cloud-init[974]: +---[ECDSA 256]---+
[0;32m  OK  [0m] Started Daily apt download activities.
[[   17.448359] cloud-init[974]: |                 |
[   18.178664] cloud-init[974]: |                 |
[   18.181356] cloud-init[974]: |    o      .     |
[0;32m  OK  [0m] Started Daily apt upgrade and clean activities.
[   18.182831] cloud-init[974]: |   . = .  o .    |
[   18.240720] cloud-init[974]: |    + + So.o.o   |
[   18.241268] cloud-init[974]: |     + o.oo.o=.  |
[   18.242311] cloud-init[974]: |....ooo +E  . =. |
         Starting LXD - unix socket.
[[   18.243023] cloud-init[974]: |oo+ *+*+     ... |
[   18.293751] cloud-init[974]: |**+*oX+..    .o. |
[0;32m  OK  [0m] Listening on ACPID Listen Socket.
[[   18.294588] cloud-init[974]: +----[SHA256]-----+
[   18.358669] cloud-init[974]: Generating public/private ed25519 key pair.
[   18.359342] cloud-init[974]: Your identification has been saved in /etc/ssh/ssh_host_ed25519_key.
[0;32m  OK  [0m] Listening on D-Bus System Message Bus Socket.
[   18.363507] cloud-init[974]: Your public key has been saved in /etc/ssh/ssh_host_ed25519_key.pub.
[   18.421799] cloud-init[974]: The key fingerprint is:
[[0;32m  OK  [0m] Listening on UUID daemon activation socket.
[   18.425640] cloud-init[974]: SHA256:jSZEfSiUKQsoE8CvwmxvgJWvj94oX/3eD9V1KSju4f0 root@ubuntu-xenial
[   18.481933] cloud-init[974]: The key's randomart image is:
[[0;32m  OK  [0m] Started Daily Cleanup of Temporary Directories.
[[   18.485447] cloud-init[974]: +--[ED25519 256]--+
[0;32m  OK  [0m] Reached target Timers.[   18.534754] 
cloud-init[974]: |=o   .o+ .       |
[   18.572842] cloud-init[974]: |+.. ..+ o . .   .|
[   18.573834] cloud-init[974]: |...o o.. o . . .o|
[   18.575442] cloud-init[974]: |  o...  .o.  ....|
[[0;32m  OK  [0m] Listening on Socket activation for snappy daemon.
[   18.576335] cloud-init[974]: |+...  . So. . .  |
[   18.621525] cloud-init[974]: |o*  .. oo o.     |
[   18.623768] cloud-init[974]: |o o.. .  o..     |
[[0;32m  OK  [0m] Listening on LXD - unix socket.
[   18.624689] cloud-init[974]: |. .B   . . ..    |
[   18.627741] cloud-init[974]: | +*.o  .o ...E   |
[   18.627865] cloud-init[974]: +----[SHA256]-----+
[[0;32m  OK  [0m] Started iSCSI initiator daemon (iscsid).
         Starting Login to default iSCSI targets...
[[0;32m  OK  [0m] Reached target Sockets.
[[0;32m  OK  [0m] Reached target Basic System.
         Starting Apply the settings specified in cloud-config...
         Starting LSB: Record successful boot for GRUB...
         Starting Virtualbox guest utils...
[[0;32m  OK  [0m] Started ACPI event daemon.
[[0;32m  OK  [0m] Started D-Bus System Message Bus.
         Starting Snappy daemon...
         Starting LXD - container startup/shutdown...
         Starting System Logging Service...
[[0;32m  OK  [0m] Started FUSE filesystem for LXC.
         Starting Pollinate to seed the pseudo random number generator...
[[0;32m  OK  [0m] Started Deferred execution scheduler.
         Starting LSB: MD monitoring daemon...
[[0;32m  OK  [0m] Started Regular background program processing daemon.
         Starting /etc/rc.local Compatibility...
         Starting Accounts Service...
[[0;32m  OK  [0m] Started Unattended Upgrades Shutdown.
         Starting Login Service...
[[0;32m  OK  [0m] Started System Logging Service.
[[0;32m  OK  [0m] Started /etc/rc.local Compatibility.
[[0;32m  OK  [0m] Started LXD - container startup/shutdown.
[[0;32m  OK  [0m] Started Login to default iSCSI targets.
[[0;32m  OK  [0m] Started LSB: Record successful boot for GRUB.
[[0;32m  OK  [0m] Started Snappy daemon.
[[0;32m  OK  [0m] Started LSB: MD monitoring daemon.
[[0;32m  OK  [0m] Started Login Service.
         Starting Authenticate and Authorize Users to Run Privileged Tasks...
         Starting Wait until snapd is fully seeded...
[[0;32m  OK  [0m] Reached target Remote File Systems (Pre).
[[0;32m  OK  [0m] Reached target Remote File Systems.
         Starting Permit User Sessions...
         Starting LSB: automatic crash report generation...
         Starting LSB: Set the CPU Frequency Scaling governor to "ondemand"...
         Starting LSB: daemon to balance interrupts for SMP systems...
[[0;32m  OK  [0m] Started Virtualbox guest utils.
[[0;32m  OK  [0m] Started Pollinate to seed the pseudo random number generator.
[[0;32m  OK  [0m] Started Permit User Sessions.
[[0;32m  OK  [0m] Started Authenticate and Authorize Users to Run Privileged Tasks.
[[0;32m  OK  [0m] Started Accounts Service.
         Starting Terminate Plymouth Boot Screen...
         Starting Hold until boot process finishes up...
         Starting OpenBSD Secure Shell server...
[[0;32m  OK  [0m] Started LSB: Set the CPU Frequency Scaling governor to "ondemand".
[[0;32m  OK  [0m] Started LSB: automatic crash report generation.
[[0;32m  OK  [0m] Started LSB: daemon to balance interrupts for SMP systems.
[[0;32m  OK  [0m] Started Terminate Plymouth Boot Screen.
[[0;32m  OK  [0m] Started Hold until boot process finishes up.
[[0;32m  OK  [0m] Started OpenBSD Secure Shell server.
[   20.741235] cloud-init[1074]: Generating locales (this might take a while)...
[[0;32m  OK  [0m] Started Getty on tty1.
[[0;32m  OK  [0m] Started Serial Getty on ttyS0.
[[0;32m  OK  [0m] Reached target Login Prompts.
         Starting Set console scheme...
[[0;32m  OK  [0m] Started Wait until snapd is fully seeded.
[[0;32m  OK  [0m] Started Set console scheme.
[[0;32m  OK  [0m] Reached target Multi-User System.
[[0;32m  OK  [0m] Reached target Graphical Interface.
         Starting Update UTMP about System Runlevel Changes...
[[0;32m  OK  [0m] Started Update UTMP about System Runlevel Changes.
[   22.328840] cloud-init[1074]:   en_US.UTF-8... done
[   22.332353] cloud-init[1074]: Generation complete.
[   23.052964] cloud-init[1074]: Cloud-init v. 18.2 running 'modules:config' at Fri, 03 Aug 2018 09:40:25 +0000. Up 20.41 seconds.
[[0;32m  OK  [0m] Started Apply the settings specified in cloud-config.
         Starting Execute cloud user/final scripts...
[[0;32m  OK  [0m] Created slice User Slice of vagrant.
         Starting User Manager for UID 1000...
[[0;32m  OK  [0m] Started Session 1 of user vagrant.
[[0;32m  OK  [0m] Started User Manager for UID 1000.
ci-info: no authorized ssh keys fingerprints found for user ubuntu.
<14>Aug  3 09:40:29 ec2: 
<14>Aug  3 09:40:29 ec2: #############################################################
<14>Aug  3 09:40:29 ec2: -----BEGIN SSH HOST KEY FINGERPRINTS-----
<14>Aug  3 09:40:29 ec2: 1024 SHA256:p6prQpthaZDF2RT08Z4AMZvDCTsv9BXH/s/eMW82Ezs root@ubuntu-xenial (DSA)
<14>Aug  3 09:40:29 ec2: 256 SHA256:DtgpYbv5ch4q61ri6k5Pj17b6OHTU9Y3w4+vBSa0kp4 root@ubuntu-xenial (ECDSA)
<14>Aug  3 09:40:29 ec2: 256 SHA256:jSZEfSiUKQsoE8CvwmxvgJWvj94oX/3eD9V1KSju4f0 root@ubuntu-xenial (ED25519)
<14>Aug  3 09:40:29 ec2: 2048 SHA256:TuMHoXSHlMWZO71MUar+yXX7MpFkxwVO286QKwULNdI root@ubuntu-xenial (RSA)
<14>Aug  3 09:40:29 ec2: -----END SSH HOST KEY FINGERPRINTS-----
<14>Aug  3 09:40:29 ec2: #############################################################
-----BEGIN SSH HOST KEY KEYS-----
ecdsa-sha2-nistp256 AAAAE2VjZHNhLXNoYTItbmlzdHAyNTYAAAAIbmlzdHAyNTYAAABBBElL1ayYp95YFKK3dPGaqIfbYbQzQ/CPVuxA+pzncODZaDJN+ZYIM1iFqhXUG0IkJRDiJBWSm35XImY8meLuFlg= root@ubuntu-xenial
ssh-ed25519 AAAAC3NzaC1lZDI1NTE5AAAAILROS15yC687im3L/XYi5NeleePNaCLbMHidi+qbJPuK root@ubuntu-xenial
ssh-rsa AAAAB3NzaC1yc2EAAAADAQABAAABAQDBvuE+Lvb+kftWXDjG7M1AY7EA04FnmKxxayQfLO/cw6tk+iGkwjgA5Dkbf8Ua2emfIYzWcXN0uea4pxJnKlIJ1ar6P/o7wvlBenzPYlVSfAxVDdpAufagfGRL/1DD03awFvu3zUtzPNXPvCS5Z0/MVm19P7rdlmvSrZY7x46QtgknNDgLnzkNvl/18lZ/ijy7VceONaiuk9QOGg0EsH6utZDDYjlFNCxUhUm6lzZHT4pzywWFhNV+YFMSqXPOCknYzXQZwPsr2XWAUJM6OP1JjOJujbfST1RUCuSDmPGKdcJJM7yY24Vb1uaPvERQRLrPEPanxmUnL+x7pmlgmipR root@ubuntu-xenial
-----END SSH HOST KEY KEYS-----
[   24.506714] cloud-init[1332]: Cloud-init v. 18.2 running 'modules:final' at Fri, 03 Aug 2018 09:40:29 +0000. Up 23.80 seconds.
[   24.635128] cloud-init[1332]: ci-info: no authorized ssh keys fingerprints found for user ubuntu.
[[0;32m  OK  [0m] Started Execute cloud user/final scripts.
[   24.638033] cloud-init[1332]: Cloud-init v. 18.2 finished at Fri, 03 Aug 2018 09:40:29 +0000. Datasource DataSourceNoCloud [seed=/dev/sdb][dsmode=net].  Up 24.48 seconds
[[0;32m  OK  [0m] Reached target Cloud-init target.

Ubuntu 16.04.4 LTS ubuntu-xenial ttyS0

ubuntu-xenial login: 